<?xml version="1.0" encoding="UTF-8"?>
<!-- Generated by org.testng.reporters.JUnitReportReporter -->
<testsuite hostname="awinashjha" failures="0" tests="1" name="Tests.With_LoginProductTest" time="16.793" errors="0" timestamp="2021-09-16T00:45:00 IST" skipped="0">
  <testcase classname="Tests.With_LoginProductTest" name="Product_Search" time="16.793"/>
  <system-out/>
</testsuite> <!-- Tests.With_LoginProductTest -->
