<?xml version="1.0" encoding="UTF-8"?>
<!-- Generated by org.testng.reporters.JUnitReportReporter -->
<testsuite hostname="awinashjha" failures="0" tests="1" name="Tests.ExtraFeaturesTests" time="18.581" errors="0" timestamp="2021-09-17T12:52:03 IST" skipped="0">
  <testcase classname="Tests.ExtraFeaturesTests" name="Security_Policy" time="18.581"/>
  <system-out/>
</testsuite> <!-- Tests.ExtraFeaturesTests -->
